<?xml version="1.0" encoding="UTF-8"?>
<!-- Generated by org.testng.reporters.JUnitReportReporter -->
<testsuite hostname="LAPTOP-OKEF0M3S" name="disneyPractise.disneySimplePractice" tests="1" failures="0" timestamp="6 Mar 2017 21:13:45 GMT" time="29.569" errors="0">
  <testcase name="sampleDinseyTest" time="29.569" classname="disneyPractise.disneySimplePractice"/>
</testsuite> <!-- disneyPractise.disneySimplePractice -->
